  vidaproject.cpp
C:\Users\USER\source\repos\vidaproject\vidaproject.cpp(59,3): error C3861: 'gets': identifier not found
C:\Users\USER\source\repos\vidaproject\vidaproject.cpp(35,19): error C4996: 'getch': The POSIX name for this item is deprecated. Instead, use the ISO C and C++ conformant name: _getch. See online help for details.
C:\Users\USER\source\repos\vidaproject\vidaproject.cpp(43,11): error C4996: 'getch': The POSIX name for this item is deprecated. Instead, use the ISO C and C++ conformant name: _getch. See online help for details.
C:\Users\USER\source\repos\vidaproject\vidaproject.cpp(49,3): error C4996: 'getch': The POSIX name for this item is deprecated. Instead, use the ISO C and C++ conformant name: _getch. See online help for details.
C:\Users\USER\source\repos\vidaproject\vidaproject.cpp(79,15): error C4996: 'getch': The POSIX name for this item is deprecated. Instead, use the ISO C and C++ conformant name: _getch. See online help for details.
C:\Users\USER\source\repos\vidaproject\vidaproject.cpp(103,17): error C4996: 'getch': The POSIX name for this item is deprecated. Instead, use the ISO C and C++ conformant name: _getch. See online help for details.
C:\Users\USER\source\repos\vidaproject\vidaproject.cpp(106,6): error C4996: 'getch': The POSIX name for this item is deprecated. Instead, use the ISO C and C++ conformant name: _getch. See online help for details.
C:\Users\USER\source\repos\vidaproject\vidaproject.cpp(112,6): error C4996: 'getch': The POSIX name for this item is deprecated. Instead, use the ISO C and C++ conformant name: _getch. See online help for details.
C:\Users\USER\source\repos\vidaproject\vidaproject.cpp(119,17): error C4996: 'getch': The POSIX name for this item is deprecated. Instead, use the ISO C and C++ conformant name: _getch. See online help for details.
C:\Users\USER\source\repos\vidaproject\vidaproject.cpp(122,6): error C4996: 'getch': The POSIX name for this item is deprecated. Instead, use the ISO C and C++ conformant name: _getch. See online help for details.
C:\Users\USER\source\repos\vidaproject\vidaproject.cpp(128,6): error C4996: 'getch': The POSIX name for this item is deprecated. Instead, use the ISO C and C++ conformant name: _getch. See online help for details.
C:\Users\USER\source\repos\vidaproject\vidaproject.cpp(135,17): error C4996: 'getch': The POSIX name for this item is deprecated. Instead, use the ISO C and C++ conformant name: _getch. See online help for details.
C:\Users\USER\source\repos\vidaproject\vidaproject.cpp(138,6): error C4996: 'getch': The POSIX name for this item is deprecated. Instead, use the ISO C and C++ conformant name: _getch. See online help for details.
C:\Users\USER\source\repos\vidaproject\vidaproject.cpp(144,6): error C4996: 'getch': The POSIX name for this item is deprecated. Instead, use the ISO C and C++ conformant name: _getch. See online help for details.
C:\Users\USER\source\repos\vidaproject\vidaproject.cpp(151,17): error C4996: 'getch': The POSIX name for this item is deprecated. Instead, use the ISO C and C++ conformant name: _getch. See online help for details.
C:\Users\USER\source\repos\vidaproject\vidaproject.cpp(154,6): error C4996: 'getch': The POSIX name for this item is deprecated. Instead, use the ISO C and C++ conformant name: _getch. See online help for details.
C:\Users\USER\source\repos\vidaproject\vidaproject.cpp(160,6): error C4996: 'getch': The POSIX name for this item is deprecated. Instead, use the ISO C and C++ conformant name: _getch. See online help for details.
C:\Users\USER\source\repos\vidaproject\vidaproject.cpp(167,17): error C4996: 'getch': The POSIX name for this item is deprecated. Instead, use the ISO C and C++ conformant name: _getch. See online help for details.
C:\Users\USER\source\repos\vidaproject\vidaproject.cpp(170,6): error C4996: 'getch': The POSIX name for this item is deprecated. Instead, use the ISO C and C++ conformant name: _getch. See online help for details.
C:\Users\USER\source\repos\vidaproject\vidaproject.cpp(176,6): error C4996: 'getch': The POSIX name for this item is deprecated. Instead, use the ISO C and C++ conformant name: _getch. See online help for details.
C:\Users\USER\source\repos\vidaproject\vidaproject.cpp(183,17): error C4996: 'getch': The POSIX name for this item is deprecated. Instead, use the ISO C and C++ conformant name: _getch. See online help for details.
C:\Users\USER\source\repos\vidaproject\vidaproject.cpp(186,6): error C4996: 'getch': The POSIX name for this item is deprecated. Instead, use the ISO C and C++ conformant name: _getch. See online help for details.
C:\Users\USER\source\repos\vidaproject\vidaproject.cpp(192,6): error C4996: 'getch': The POSIX name for this item is deprecated. Instead, use the ISO C and C++ conformant name: _getch. See online help for details.
C:\Users\USER\source\repos\vidaproject\vidaproject.cpp(206,4): error C4996: 'getch': The POSIX name for this item is deprecated. Instead, use the ISO C and C++ conformant name: _getch. See online help for details.
C:\Users\USER\source\repos\vidaproject\vidaproject.cpp(213,15): error C4996: 'getch': The POSIX name for this item is deprecated. Instead, use the ISO C and C++ conformant name: _getch. See online help for details.
C:\Users\USER\source\repos\vidaproject\vidaproject.cpp(229,17): error C4996: 'getch': The POSIX name for this item is deprecated. Instead, use the ISO C and C++ conformant name: _getch. See online help for details.
C:\Users\USER\source\repos\vidaproject\vidaproject.cpp(231,42): error C4996: 'getch': The POSIX name for this item is deprecated. Instead, use the ISO C and C++ conformant name: _getch. See online help for details.
C:\Users\USER\source\repos\vidaproject\vidaproject.cpp(232,13): error C4996: 'getch': The POSIX name for this item is deprecated. Instead, use the ISO C and C++ conformant name: _getch. See online help for details.
C:\Users\USER\source\repos\vidaproject\vidaproject.cpp(236,62): error C4996: 'getch': The POSIX name for this item is deprecated. Instead, use the ISO C and C++ conformant name: _getch. See online help for details.
C:\Users\USER\source\repos\vidaproject\vidaproject.cpp(244,17): error C4996: 'getch': The POSIX name for this item is deprecated. Instead, use the ISO C and C++ conformant name: _getch. See online help for details.
C:\Users\USER\source\repos\vidaproject\vidaproject.cpp(246,42): error C4996: 'getch': The POSIX name for this item is deprecated. Instead, use the ISO C and C++ conformant name: _getch. See online help for details.
C:\Users\USER\source\repos\vidaproject\vidaproject.cpp(251,65): error C4996: 'getch': The POSIX name for this item is deprecated. Instead, use the ISO C and C++ conformant name: _getch. See online help for details.
C:\Users\USER\source\repos\vidaproject\vidaproject.cpp(259,17): error C4996: 'getch': The POSIX name for this item is deprecated. Instead, use the ISO C and C++ conformant name: _getch. See online help for details.
C:\Users\USER\source\repos\vidaproject\vidaproject.cpp(261,42): error C4996: 'getch': The POSIX name for this item is deprecated. Instead, use the ISO C and C++ conformant name: _getch. See online help for details.
C:\Users\USER\source\repos\vidaproject\vidaproject.cpp(266,56): error C4996: 'getch': The POSIX name for this item is deprecated. Instead, use the ISO C and C++ conformant name: _getch. See online help for details.
C:\Users\USER\source\repos\vidaproject\vidaproject.cpp(274,17): error C4996: 'getch': The POSIX name for this item is deprecated. Instead, use the ISO C and C++ conformant name: _getch. See online help for details.
C:\Users\USER\source\repos\vidaproject\vidaproject.cpp(276,42): error C4996: 'getch': The POSIX name for this item is deprecated. Instead, use the ISO C and C++ conformant name: _getch. See online help for details.
C:\Users\USER\source\repos\vidaproject\vidaproject.cpp(281,62): error C4996: 'getch': The POSIX name for this item is deprecated. Instead, use the ISO C and C++ conformant name: _getch. See online help for details.
C:\Users\USER\source\repos\vidaproject\vidaproject.cpp(289,17): error C4996: 'getch': The POSIX name for this item is deprecated. Instead, use the ISO C and C++ conformant name: _getch. See online help for details.
C:\Users\USER\source\repos\vidaproject\vidaproject.cpp(291,42): error C4996: 'getch': The POSIX name for this item is deprecated. Instead, use the ISO C and C++ conformant name: _getch. See online help for details.
C:\Users\USER\source\repos\vidaproject\vidaproject.cpp(296,6): error C4996: 'getch': The POSIX name for this item is deprecated. Instead, use the ISO C and C++ conformant name: _getch. See online help for details.
C:\Users\USER\source\repos\vidaproject\vidaproject.cpp(304,17): error C4996: 'getch': The POSIX name for this item is deprecated. Instead, use the ISO C and C++ conformant name: _getch. See online help for details.
C:\Users\USER\source\repos\vidaproject\vidaproject.cpp(306,42): error C4996: 'getch': The POSIX name for this item is deprecated. Instead, use the ISO C and C++ conformant name: _getch. See online help for details.
C:\Users\USER\source\repos\vidaproject\vidaproject.cpp(312,6): error C4996: 'getch': The POSIX name for this item is deprecated. Instead, use the ISO C and C++ conformant name: _getch. See online help for details.
C:\Users\USER\source\repos\vidaproject\vidaproject.cpp(319,17): error C4996: 'getch': The POSIX name for this item is deprecated. Instead, use the ISO C and C++ conformant name: _getch. See online help for details.
C:\Users\USER\source\repos\vidaproject\vidaproject.cpp(321,42): error C4996: 'getch': The POSIX name for this item is deprecated. Instead, use the ISO C and C++ conformant name: _getch. See online help for details.
C:\Users\USER\source\repos\vidaproject\vidaproject.cpp(326,61): error C4996: 'getch': The POSIX name for this item is deprecated. Instead, use the ISO C and C++ conformant name: _getch. See online help for details.
C:\Users\USER\source\repos\vidaproject\vidaproject.cpp(334,17): error C4996: 'getch': The POSIX name for this item is deprecated. Instead, use the ISO C and C++ conformant name: _getch. See online help for details.
C:\Users\USER\source\repos\vidaproject\vidaproject.cpp(336,42): error C4996: 'getch': The POSIX name for this item is deprecated. Instead, use the ISO C and C++ conformant name: _getch. See online help for details.
C:\Users\USER\source\repos\vidaproject\vidaproject.cpp(340,56): error C4996: 'getch': The POSIX name for this item is deprecated. Instead, use the ISO C and C++ conformant name: _getch. See online help for details.
C:\Users\USER\source\repos\vidaproject\vidaproject.cpp(348,17): error C4996: 'getch': The POSIX name for this item is deprecated. Instead, use the ISO C and C++ conformant name: _getch. See online help for details.
C:\Users\USER\source\repos\vidaproject\vidaproject.cpp(350,42): error C4996: 'getch': The POSIX name for this item is deprecated. Instead, use the ISO C and C++ conformant name: _getch. See online help for details.
C:\Users\USER\source\repos\vidaproject\vidaproject.cpp(355,65): error C4996: 'getch': The POSIX name for this item is deprecated. Instead, use the ISO C and C++ conformant name: _getch. See online help for details.
C:\Users\USER\source\repos\vidaproject\vidaproject.cpp(363,17): error C4996: 'getch': The POSIX name for this item is deprecated. Instead, use the ISO C and C++ conformant name: _getch. See online help for details.
C:\Users\USER\source\repos\vidaproject\vidaproject.cpp(365,42): error C4996: 'getch': The POSIX name for this item is deprecated. Instead, use the ISO C and C++ conformant name: _getch. See online help for details.
C:\Users\USER\source\repos\vidaproject\vidaproject.cpp(369,59): error C4996: 'getch': The POSIX name for this item is deprecated. Instead, use the ISO C and C++ conformant name: _getch. See online help for details.
C:\Users\USER\source\repos\vidaproject\vidaproject.cpp(375,17): error C4996: 'getch': The POSIX name for this item is deprecated. Instead, use the ISO C and C++ conformant name: _getch. See online help for details.
C:\Users\USER\source\repos\vidaproject\vidaproject.cpp(377,42): error C4996: 'getch': The POSIX name for this item is deprecated. Instead, use the ISO C and C++ conformant name: _getch. See online help for details.
C:\Users\USER\source\repos\vidaproject\vidaproject.cpp(382,61): error C4996: 'getch': The POSIX name for this item is deprecated. Instead, use the ISO C and C++ conformant name: _getch. See online help for details.
C:\Users\USER\source\repos\vidaproject\vidaproject.cpp(389,17): error C4996: 'getch': The POSIX name for this item is deprecated. Instead, use the ISO C and C++ conformant name: _getch. See online help for details.
C:\Users\USER\source\repos\vidaproject\vidaproject.cpp(391,42): error C4996: 'getch': The POSIX name for this item is deprecated. Instead, use the ISO C and C++ conformant name: _getch. See online help for details.
C:\Users\USER\source\repos\vidaproject\vidaproject.cpp(396,59): error C4996: 'getch': The POSIX name for this item is deprecated. Instead, use the ISO C and C++ conformant name: _getch. See online help for details.
C:\Users\USER\source\repos\vidaproject\vidaproject.cpp(403,17): error C4996: 'getch': The POSIX name for this item is deprecated. Instead, use the ISO C and C++ conformant name: _getch. See online help for details.
C:\Users\USER\source\repos\vidaproject\vidaproject.cpp(405,42): error C4996: 'getch': The POSIX name for this item is deprecated. Instead, use the ISO C and C++ conformant name: _getch. See online help for details.
C:\Users\USER\source\repos\vidaproject\vidaproject.cpp(410,61): error C4996: 'getch': The POSIX name for this item is deprecated. Instead, use the ISO C and C++ conformant name: _getch. See online help for details.
C:\Users\USER\source\repos\vidaproject\vidaproject.cpp(417,17): error C4996: 'getch': The POSIX name for this item is deprecated. Instead, use the ISO C and C++ conformant name: _getch. See online help for details.
C:\Users\USER\source\repos\vidaproject\vidaproject.cpp(419,42): error C4996: 'getch': The POSIX name for this item is deprecated. Instead, use the ISO C and C++ conformant name: _getch. See online help for details.
C:\Users\USER\source\repos\vidaproject\vidaproject.cpp(424,68): error C4996: 'getch': The POSIX name for this item is deprecated. Instead, use the ISO C and C++ conformant name: _getch. See online help for details.
C:\Users\USER\source\repos\vidaproject\vidaproject.cpp(431,17): error C4996: 'getch': The POSIX name for this item is deprecated. Instead, use the ISO C and C++ conformant name: _getch. See online help for details.
C:\Users\USER\source\repos\vidaproject\vidaproject.cpp(433,42): error C4996: 'getch': The POSIX name for this item is deprecated. Instead, use the ISO C and C++ conformant name: _getch. See online help for details.
C:\Users\USER\source\repos\vidaproject\vidaproject.cpp(438,57): error C4996: 'getch': The POSIX name for this item is deprecated. Instead, use the ISO C and C++ conformant name: _getch. See online help for details.
C:\Users\USER\source\repos\vidaproject\vidaproject.cpp(446,17): error C4996: 'getch': The POSIX name for this item is deprecated. Instead, use the ISO C and C++ conformant name: _getch. See online help for details.
C:\Users\USER\source\repos\vidaproject\vidaproject.cpp(448,42): error C4996: 'getch': The POSIX name for this item is deprecated. Instead, use the ISO C and C++ conformant name: _getch. See online help for details.
C:\Users\USER\source\repos\vidaproject\vidaproject.cpp(453,65): error C4996: 'getch': The POSIX name for this item is deprecated. Instead, use the ISO C and C++ conformant name: _getch. See online help for details.
C:\Users\USER\source\repos\vidaproject\vidaproject.cpp(462,17): error C4996: 'getch': The POSIX name for this item is deprecated. Instead, use the ISO C and C++ conformant name: _getch. See online help for details.
C:\Users\USER\source\repos\vidaproject\vidaproject.cpp(464,42): error C4996: 'getch': The POSIX name for this item is deprecated. Instead, use the ISO C and C++ conformant name: _getch. See online help for details.
C:\Users\USER\source\repos\vidaproject\vidaproject.cpp(469,61): error C4996: 'getch': The POSIX name for this item is deprecated. Instead, use the ISO C and C++ conformant name: _getch. See online help for details.
C:\Users\USER\source\repos\vidaproject\vidaproject.cpp(476,17): error C4996: 'getch': The POSIX name for this item is deprecated. Instead, use the ISO C and C++ conformant name: _getch. See online help for details.
C:\Users\USER\source\repos\vidaproject\vidaproject.cpp(478,42): error C4996: 'getch': The POSIX name for this item is deprecated. Instead, use the ISO C and C++ conformant name: _getch. See online help for details.
C:\Users\USER\source\repos\vidaproject\vidaproject.cpp(483,65): error C4996: 'getch': The POSIX name for this item is deprecated. Instead, use the ISO C and C++ conformant name: _getch. See online help for details.
C:\Users\USER\source\repos\vidaproject\vidaproject.cpp(490,17): error C4996: 'getch': The POSIX name for this item is deprecated. Instead, use the ISO C and C++ conformant name: _getch. See online help for details.
C:\Users\USER\source\repos\vidaproject\vidaproject.cpp(492,42): error C4996: 'getch': The POSIX name for this item is deprecated. Instead, use the ISO C and C++ conformant name: _getch. See online help for details.
C:\Users\USER\source\repos\vidaproject\vidaproject.cpp(497,64): error C4996: 'getch': The POSIX name for this item is deprecated. Instead, use the ISO C and C++ conformant name: _getch. See online help for details.
C:\Users\USER\source\repos\vidaproject\vidaproject.cpp(504,17): error C4996: 'getch': The POSIX name for this item is deprecated. Instead, use the ISO C and C++ conformant name: _getch. See online help for details.
C:\Users\USER\source\repos\vidaproject\vidaproject.cpp(506,42): error C4996: 'getch': The POSIX name for this item is deprecated. Instead, use the ISO C and C++ conformant name: _getch. See online help for details.
C:\Users\USER\source\repos\vidaproject\vidaproject.cpp(511,61): error C4996: 'getch': The POSIX name for this item is deprecated. Instead, use the ISO C and C++ conformant name: _getch. See online help for details.
C:\Users\USER\source\repos\vidaproject\vidaproject.cpp(518,17): error C4996: 'getch': The POSIX name for this item is deprecated. Instead, use the ISO C and C++ conformant name: _getch. See online help for details.
C:\Users\USER\source\repos\vidaproject\vidaproject.cpp(520,42): error C4996: 'getch': The POSIX name for this item is deprecated. Instead, use the ISO C and C++ conformant name: _getch. See online help for details.
C:\Users\USER\source\repos\vidaproject\vidaproject.cpp(525,61): error C4996: 'getch': The POSIX name for this item is deprecated. Instead, use the ISO C and C++ conformant name: _getch. See online help for details.
C:\Users\USER\source\repos\vidaproject\vidaproject.cpp(532,17): error C4996: 'getch': The POSIX name for this item is deprecated. Instead, use the ISO C and C++ conformant name: _getch. See online help for details.
C:\Users\USER\source\repos\vidaproject\vidaproject.cpp(534,42): error C4996: 'getch': The POSIX name for this item is deprecated. Instead, use the ISO C and C++ conformant name: _getch. See online help for details.
C:\Users\USER\source\repos\vidaproject\vidaproject.cpp(539,70): error C4996: 'getch': The POSIX name for this item is deprecated. Instead, use the ISO C and C++ conformant name: _getch. See online help for details.
C:\Users\USER\source\repos\vidaproject\vidaproject.cpp(546,17): error C4996: 'getch': The POSIX name for this item is deprecated. Instead, use the ISO C and C++ conformant name: _getch. See online help for details.
C:\Users\USER\source\repos\vidaproject\vidaproject.cpp(548,42): error C4996: 'getch': The POSIX name for this item is deprecated. Instead, use the ISO C and C++ conformant name: _getch. See online help for details.
C:\Users\USER\source\repos\vidaproject\vidaproject.cpp(553,72): error C4996: 'getch': The POSIX name for this item is deprecated. Instead, use the ISO C and C++ conformant name: _getch. See online help for details.
C:\Users\USER\source\repos\vidaproject\vidaproject.cpp(584,15): error C4996: 'getch': The POSIX name for this item is deprecated. Instead, use the ISO C and C++ conformant name: _getch. See online help for details.
C:\Users\USER\source\repos\vidaproject\vidaproject.cpp(600,6): error C4996: 'fopen': This function or variable may be unsafe. Consider using fopen_s instead. To disable deprecation, use _CRT_SECURE_NO_WARNINGS. See online help for details.
C:\Users\USER\source\repos\vidaproject\vidaproject.cpp(601,2): error C4996: 'fscanf': This function or variable may be unsafe. Consider using fscanf_s instead. To disable deprecation, use _CRT_SECURE_NO_WARNINGS. See online help for details.
C:\Users\USER\source\repos\vidaproject\vidaproject.cpp(606,2): error C4996: 'getch': The POSIX name for this item is deprecated. Instead, use the ISO C and C++ conformant name: _getch. See online help for details.
C:\Users\USER\source\repos\vidaproject\vidaproject.cpp(615,6): error C4996: 'fopen': This function or variable may be unsafe. Consider using fopen_s instead. To disable deprecation, use _CRT_SECURE_NO_WARNINGS. See online help for details.
C:\Users\USER\source\repos\vidaproject\vidaproject.cpp(616,2): error C4996: 'fscanf': This function or variable may be unsafe. Consider using fscanf_s instead. To disable deprecation, use _CRT_SECURE_NO_WARNINGS. See online help for details.
C:\Users\USER\source\repos\vidaproject\vidaproject.cpp(650,6): error C4996: 'fopen': This function or variable may be unsafe. Consider using fopen_s instead. To disable deprecation, use _CRT_SECURE_NO_WARNINGS. See online help for details.
C:\Users\USER\source\repos\vidaproject\vidaproject.cpp(651,2): error C4996: 'fscanf': This function or variable may be unsafe. Consider using fscanf_s instead. To disable deprecation, use _CRT_SECURE_NO_WARNINGS. See online help for details.
C:\Users\USER\source\repos\vidaproject\vidaproject.cpp(656,7): error C4996: 'fopen': This function or variable may be unsafe. Consider using fopen_s instead. To disable deprecation, use _CRT_SECURE_NO_WARNINGS. See online help for details.
